<?xml version="1.0" encoding="UTF-8"?>
<!-- Generated by org.testng.reporters.JUnitReportReporter -->
<testsuite hostname="DESKTOP-AAQ53LS" failures="0" tests="1" name="testClass.TC002_loginTest" time="3.039" errors="0" timestamp="2024-09-24T18:39:00 IST" skipped="0">
  <testcase classname="testClass.TC002_loginTest" name="verify_login" time="3.039"/>
</testsuite> <!-- testClass.TC002_loginTest -->
